Using pre-set license
Built from '2020.3/staging' branch; Version is '2020.3.19f1 (68f137dc9bbe) revision 6877495'; Using compiler version '192528614'; Build Type 'Release'
OS: 'Windows 10 Home; OS build 19042.1288; Version 2009; 64bit' Language: 'en' Physical Memory: 16338 MB
BatchMode: 1, IsHumanControllingUs: 0, StartBugReporterOnCrash: 0, Is64bit: 1, IsPro: 0

COMMAND LINE ARGUMENTS:
C:\Program Files\Unity\Hub\Editor\2020.3.19f1\Editor\Unity.exe
-adb2
-batchMode
-noUpm
-name
AssetImportWorker0
-projectPath
C:/Users/natst/Documents/UNI/COMP3850/MQ_OWeek_App
-logFile
Logs/AssetImportWorker0.log
-srvPort
53450
Successfully changed project path to: C:/Users/natst/Documents/UNI/COMP3850/MQ_OWeek_App
C:/Users/natst/Documents/UNI/COMP3850/MQ_OWeek_App
Using Asset Import Pipeline V2.
Refreshing native plugins compatible for Editor in 35.28 ms, found 2 plugins.
Preloading 0 native plugins for Editor in 0.00 ms.
Initialize engine version: 2020.3.19f1 (68f137dc9bbe)
[Subsystems] Discovering subsystems at path C:/Program Files/Unity/Hub/Editor/2020.3.19f1/Editor/Data/Resources/UnitySubsystems
[Subsystems] Discovering subsystems at path C:/Users/natst/Documents/UNI/COMP3850/MQ_OWeek_App/Assets
GfxDevice: creating device client; threaded=0
Direct3D:
    Version:  Direct3D 11.0 [level 11.1]
    Renderer: NVIDIA GeForce GTX 1070 (ID=0x1be1)
    Vendor:   
    VRAM:     8081 MB
    Driver:   30.0.14.7212
Initialize mono
Mono path[0] = 'C:/Program Files/Unity/Hub/Editor/2020.3.19f1/Editor/Data/Managed'
Mono path[1] = 'C:/Program Files/Unity/Hub/Editor/2020.3.19f1/Editor/Data/MonoBleedingEdge/lib/mono/unityjit'
Mono config path = 'C:/Program Files/Unity/Hub/Editor/2020.3.19f1/Editor/Data/MonoBleedingEdge/etc'
Using monoOptions --debugger-agent=transport=dt_socket,embedding=1,server=y,suspend=n,address=127.0.0.1:56236
Begin MonoManager ReloadAssembly
Registering precompiled unity dll's ...
Register platform support module: C:/Program Files/Unity/Hub/Editor/2020.3.19f1/Editor/Data/PlaybackEngines/WindowsStandaloneSupport/UnityEditor.WindowsStandalone.Extensions.dll
Registered in 0.002531 seconds.
Native extension for WindowsStandalone target not found
Refreshing native plugins compatible for Editor in 33.82 ms, found 2 plugins.
Preloading 0 native plugins for Editor in 0.00 ms.
Mono: successfully reloaded assembly
- Completed reload, in  1.508 seconds
Domain Reload Profiling:
	ReloadAssembly (1508ms)
		BeginReloadAssembly (70ms)
			ExecutionOrderSort (0ms)
			DisableScriptedObjects (0ms)
			BackupInstance (0ms)
			ReleaseScriptingObjects (0ms)
			CreateAndSetChildDomain (1ms)
		EndReloadAssembly (558ms)
			LoadAssemblies (67ms)
			RebuildTransferFunctionScriptingTraits (0ms)
			SetupTypeCache (229ms)
			ReleaseScriptCaches (0ms)
			RebuildScriptCaches (42ms)
			SetupLoadedEditorAssemblies (200ms)
				LogAssemblyErrors (0ms)
				InitializePlatformSupportModulesInManaged (5ms)
				SetLoadedEditorAssemblies (0ms)
				RefreshPlugins (34ms)
				BeforeProcessingInitializeOnLoad (13ms)
				ProcessInitializeOnLoadAttributes (108ms)
				ProcessInitializeOnLoadMethodAttributes (40ms)
				AfterProcessingInitializeOnLoad (0ms)
				EditorAssembliesLoaded (0ms)
			ExecutionOrderSort2 (0ms)
			AwakeInstancesAfterBackupRestoration (0ms)
Platform modules already initialized, skipping
Registering precompiled user dll's ...
Registered in 0.003805 seconds.
Begin MonoManager ReloadAssembly
Native extension for WindowsStandalone target not found
Refreshing native plugins compatible for Editor in 0.31 ms, found 2 plugins.
Preloading 0 native plugins for Editor in 0.00 ms.
Mono: successfully reloaded assembly
- Completed reload, in  1.393 seconds
Domain Reload Profiling:
	ReloadAssembly (1395ms)
		BeginReloadAssembly (206ms)
			ExecutionOrderSort (0ms)
			DisableScriptedObjects (8ms)
			BackupInstance (0ms)
			ReleaseScriptingObjects (0ms)
			CreateAndSetChildDomain (24ms)
		EndReloadAssembly (1099ms)
			LoadAssemblies (120ms)
			RebuildTransferFunctionScriptingTraits (0ms)
			SetupTypeCache (374ms)
			ReleaseScriptCaches (0ms)
			RebuildScriptCaches (55ms)
			SetupLoadedEditorAssemblies (417ms)
				LogAssemblyErrors (0ms)
				InitializePlatformSupportModulesInManaged (7ms)
				SetLoadedEditorAssemblies (1ms)
				RefreshPlugins (0ms)
				BeforeProcessingInitializeOnLoad (71ms)
				ProcessInitializeOnLoadAttributes (320ms)
				ProcessInitializeOnLoadMethodAttributes (6ms)
				AfterProcessingInitializeOnLoad (11ms)
				EditorAssembliesLoaded (0ms)
			ExecutionOrderSort2 (0ms)
			AwakeInstancesAfterBackupRestoration (8ms)
Platform modules already initialized, skipping
========================================================================
Worker process is ready to serve import requests
Launched and connected shader compiler UnityShaderCompiler.exe after 0.10 seconds
Refreshing native plugins compatible for Editor in 0.38 ms, found 2 plugins.
Preloading 0 native plugins for Editor in 0.00 ms.
Unloading 1399 Unused Serialized files (Serialized files now loaded: 0)
System memory in use before: 65.0 MB.
System memory in use after: 65.1 MB.

Unloading 15 unused Assets to reduce memory usage. Loaded Objects now: 1836.
Total: 3.195500 ms (FindLiveObjects: 0.195200 ms CreateObjectMapping: 0.082900 ms MarkObjects: 2.867800 ms  DeleteObjects: 0.048000 ms)

AssetImportParameters requested are different than current active one (requested -> active):
  custom:framework-win-MediaFoundation: 216162199b28c13a410421893ffa2e32 -> 
  custom:video-decoder-ogg-theora: a1e56fd34408186e4bbccfd4996cb3dc -> 
  custom:container-muxer-webm: aa71ff27fc2769a1b78a27578f13a17b -> 
  custom:container-demuxer-webm: 4f35f7cbe854078d1ac9338744f61a02 -> 
  custom:container-demuxer-ogg: 62fdf1f143b41e24485cea50d1cbac27 -> 
  custom:video-encoder-webm-vp8: eb34c28f22e8b96e1ab97ce403110664 -> 
  custom:video-decoder-webm-vp8: 9c59270c3fd7afecdb556c50c9e8de78 -> 
  custom:audio-decoder-ogg-vorbis: bf7c407c2cedff20999df2af8eb42d56 -> 
  custom:audio-encoder-webm-vorbis: bf7c407c2cedff20999df2af8eb42d56 -> 
========================================================================
Received Import Request.
  path: Assets/Images/Old Icons
  artifactKey: Guid(dd489d03f3815d84d9e342e8eeb76452) Importer(815301076,1909f56bfc062723c751e8b465ee728b)
Start importing Assets/Images/Old Icons using Guid(dd489d03f3815d84d9e342e8eeb76452) Importer(815301076,1909f56bfc062723c751e8b465ee728b)  -> (artifact id: 'f67812251b3bb86eacc9e4e2086b7425') in 0.009425 seconds 
  Import took 0.012756 seconds .

========================================================================
Received Import Request.
  Time since last request: 59.684611 seconds.
  path: Assets/Typograpgy
  artifactKey: Guid(a616f5d4339d16c4e82c5d7916b1229e) Importer(815301076,1909f56bfc062723c751e8b465ee728b)
Start importing Assets/Typograpgy using Guid(a616f5d4339d16c4e82c5d7916b1229e) Importer(815301076,1909f56bfc062723c751e8b465ee728b)  -> (artifact id: 'e321f3693748493c265cc8b289c04273') in 0.009854 seconds 
  Import took 0.013592 seconds .

========================================================================
Received Import Request.
  Time since last request: 7.523255 seconds.
  path: Assets/Typography
  artifactKey: Guid(a616f5d4339d16c4e82c5d7916b1229e) Importer(815301076,1909f56bfc062723c751e8b465ee728b)
Start importing Assets/Typography using Guid(a616f5d4339d16c4e82c5d7916b1229e) Importer(815301076,1909f56bfc062723c751e8b465ee728b)  -> (artifact id: '0e19a34af632c384be2c4da804d29ddb') in 0.010519 seconds 
  Import took 0.014296 seconds .

========================================================================
Received Import Request.
  Time since last request: 32.263758 seconds.
  path: Assets/Typography/DesktopFonts
  artifactKey: Guid(cc132ce71f50fa34496c2858fcba8458) Importer(815301076,1909f56bfc062723c751e8b465ee728b)
Start importing Assets/Typography/DesktopFonts using Guid(cc132ce71f50fa34496c2858fcba8458) Importer(815301076,1909f56bfc062723c751e8b465ee728b)  -> (artifact id: '5b6d019ec9a83ec9f7d6c962c28e546c') in 0.011172 seconds 
  Import took 0.014314 seconds .

========================================================================
Received Import Request.
  Time since last request: 0.093638 seconds.
  path: Assets/Typography/DesktopFonts/National-Black.otf
  artifactKey: Guid(399c0fdf4caac7e41891d830096083fc) Importer(815301076,1909f56bfc062723c751e8b465ee728b)
Start importing Assets/Typography/DesktopFonts/National-Black.otf using Guid(399c0fdf4caac7e41891d830096083fc) Importer(815301076,1909f56bfc062723c751e8b465ee728b)  -> (artifact id: '3bcbc1920c9bc3b59327732957d0ecc1') in 0.190484 seconds 
  Import took 0.193139 seconds .

========================================================================
Received Import Request.
  Time since last request: 0.000327 seconds.
  path: Assets/Typography/DesktopFonts/National-BookItalic.otf
  artifactKey: Guid(f84429ca0f6116445a1aeec62dab9d58) Importer(815301076,1909f56bfc062723c751e8b465ee728b)
Start importing Assets/Typography/DesktopFonts/National-BookItalic.otf using Guid(f84429ca0f6116445a1aeec62dab9d58) Importer(815301076,1909f56bfc062723c751e8b465ee728b)  -> (artifact id: '7a53c4894c3ad2177108def287fd6082') in 0.024335 seconds 
  Import took 0.028354 seconds .

========================================================================
Received Import Request.
  Time since last request: 0.000349 seconds.
  path: Assets/Typography/DesktopFonts/National-Semibold.otf
  artifactKey: Guid(5970a6714a25b724db24dd6b85693291) Importer(815301076,1909f56bfc062723c751e8b465ee728b)
Start importing Assets/Typography/DesktopFonts/National-Semibold.otf using Guid(5970a6714a25b724db24dd6b85693291) Importer(815301076,1909f56bfc062723c751e8b465ee728b)  -> (artifact id: '9c2fc0da04373111e5bdd69adc686605') in 0.023539 seconds 
  Import took 0.027725 seconds .

========================================================================
Received Import Request.
  Time since last request: 0.000330 seconds.
  path: Assets/Typography/DesktopFonts/National-LightItalic.otf
  artifactKey: Guid(7a93ea33399f9db4d957a4cc2df24955) Importer(815301076,1909f56bfc062723c751e8b465ee728b)
Start importing Assets/Typography/DesktopFonts/National-LightItalic.otf using Guid(7a93ea33399f9db4d957a4cc2df24955) Importer(815301076,1909f56bfc062723c751e8b465ee728b)  -> (artifact id: '42a0f0fb7f1a856277c8aee046bc5e59') in 0.021369 seconds 
  Import took 0.025650 seconds .

========================================================================
Received Import Request.
  Time since last request: 0.000312 seconds.
  path: Assets/Typography/DesktopFonts/National-ThinItalic.otf
  artifactKey: Guid(442ec605f5179e44a9a67be01d036826) Importer(815301076,1909f56bfc062723c751e8b465ee728b)
Start importing Assets/Typography/DesktopFonts/National-ThinItalic.otf using Guid(442ec605f5179e44a9a67be01d036826) Importer(815301076,1909f56bfc062723c751e8b465ee728b)  -> (artifact id: '6f1a6aee79da733e1dcb5c8929ac6f3b') in 0.021545 seconds 
  Import took 0.025622 seconds .

========================================================================
Received Import Request.
  Time since last request: 0.000342 seconds.
  path: Assets/Typography/DesktopFonts/National-Extrabold.otf
  artifactKey: Guid(294ae4291e3890a4aaaf369e71289eb0) Importer(815301076,1909f56bfc062723c751e8b465ee728b)
Start importing Assets/Typography/DesktopFonts/National-Extrabold.otf using Guid(294ae4291e3890a4aaaf369e71289eb0) Importer(815301076,1909f56bfc062723c751e8b465ee728b)  -> (artifact id: '2e5262c92173814206f0f364ce58aaae') in 0.023886 seconds 
  Import took 0.027868 seconds .

========================================================================
Received Import Request.
  Time since last request: 0.000378 seconds.
  path: Assets/Typography/DesktopFonts/National-RegularItalic.otf
  artifactKey: Guid(ef6003e6f2481b344b594072895abe99) Importer(815301076,1909f56bfc062723c751e8b465ee728b)
Start importing Assets/Typography/DesktopFonts/National-RegularItalic.otf using Guid(ef6003e6f2481b344b594072895abe99) Importer(815301076,1909f56bfc062723c751e8b465ee728b)  -> (artifact id: 'd51196988ba0fe0a7d2b3ba6dea88549') in 0.025787 seconds 
  Import took 0.029947 seconds .

========================================================================
Received Import Request.
  Time since last request: 0.000362 seconds.
  path: Assets/Typography/DesktopFonts/National-ExtraboldItalic.otf
  artifactKey: Guid(08e136a1f8fab734db220471020c4b59) Importer(815301076,1909f56bfc062723c751e8b465ee728b)
Start importing Assets/Typography/DesktopFonts/National-ExtraboldItalic.otf using Guid(08e136a1f8fab734db220471020c4b59) Importer(815301076,1909f56bfc062723c751e8b465ee728b)  -> (artifact id: 'a16c726de0189cf141f62f72261b499f') in 0.021902 seconds 
  Import took 0.025716 seconds .

========================================================================
Received Import Request.
  Time since last request: 0.000323 seconds.
  path: Assets/Typography/DesktopFonts/National-BlackItalic.otf
  artifactKey: Guid(6f716447494dbae4a9061e44735b0eaf) Importer(815301076,1909f56bfc062723c751e8b465ee728b)
Start importing Assets/Typography/DesktopFonts/National-BlackItalic.otf using Guid(6f716447494dbae4a9061e44735b0eaf) Importer(815301076,1909f56bfc062723c751e8b465ee728b)  -> (artifact id: 'd5d7dfccf6eace9cdd042954ecbe5000') in 0.020343 seconds 
  Import took 0.024429 seconds .

========================================================================
Received Import Request.
  Time since last request: 0.000285 seconds.
  path: Assets/Typography/DesktopFonts/National-BoldItalic.otf
  artifactKey: Guid(53614843437ef6c4ba20adf8a69ed301) Importer(815301076,1909f56bfc062723c751e8b465ee728b)
Start importing Assets/Typography/DesktopFonts/National-BoldItalic.otf using Guid(53614843437ef6c4ba20adf8a69ed301) Importer(815301076,1909f56bfc062723c751e8b465ee728b)  -> (artifact id: 'cb6d403ff6a9641b1f79f894810d15ea') in 0.021107 seconds 
  Import took 0.024045 seconds .

========================================================================
Received Import Request.
  Time since last request: 0.000292 seconds.
  path: Assets/Typography/DesktopFonts/National-MediumItalic.otf
  artifactKey: Guid(fe9d26ab8b7ec864fb88396a18492e6c) Importer(815301076,1909f56bfc062723c751e8b465ee728b)
Start importing Assets/Typography/DesktopFonts/National-MediumItalic.otf using Guid(fe9d26ab8b7ec864fb88396a18492e6c) Importer(815301076,1909f56bfc062723c751e8b465ee728b)  -> (artifact id: '34e41bbd26f817842e64a1dcbf3530fe') in 0.018101 seconds 
  Import took 0.021481 seconds .

========================================================================
Received Import Request.
  Time since last request: 0.000306 seconds.
  path: Assets/Typography/DesktopFonts/National-Bold.otf
  artifactKey: Guid(02b33c522d46c9049abb26d9d863c07f) Importer(815301076,1909f56bfc062723c751e8b465ee728b)
Start importing Assets/Typography/DesktopFonts/National-Bold.otf using Guid(02b33c522d46c9049abb26d9d863c07f) Importer(815301076,1909f56bfc062723c751e8b465ee728b)  -> (artifact id: 'd85f2eb2e2690e824dd08310585d086e') in 0.020613 seconds 
  Import took 0.024065 seconds .

========================================================================
Received Import Request.
  Time since last request: 0.000278 seconds.
  path: Assets/Typography/DesktopFonts/National-Thin.otf
  artifactKey: Guid(0104de6fae776f84b89e40ca70a079f8) Importer(815301076,1909f56bfc062723c751e8b465ee728b)
Start importing Assets/Typography/DesktopFonts/National-Thin.otf using Guid(0104de6fae776f84b89e40ca70a079f8) Importer(815301076,1909f56bfc062723c751e8b465ee728b)  -> (artifact id: '79b94bb005b1c00e506f01f9f10fd63e') in 0.022351 seconds 
  Import took 0.026353 seconds .

========================================================================
Received Import Request.
  Time since last request: 0.000296 seconds.
  path: Assets/Typography/DesktopFonts/National-Regular.otf
  artifactKey: Guid(0c728df8c1080224da5bedba48c871c1) Importer(815301076,1909f56bfc062723c751e8b465ee728b)
Start importing Assets/Typography/DesktopFonts/National-Regular.otf using Guid(0c728df8c1080224da5bedba48c871c1) Importer(815301076,1909f56bfc062723c751e8b465ee728b)  -> (artifact id: '652d2f5f3d55291a476b023f8e35b20f') in 0.020693 seconds 
  Import took 0.024401 seconds .

========================================================================
Received Import Request.
  Time since last request: 0.000286 seconds.
  path: Assets/Typography/DesktopFonts/National-Light.otf
  artifactKey: Guid(8a7bf46017fadbe4a911e9f513fa5369) Importer(815301076,1909f56bfc062723c751e8b465ee728b)
Start importing Assets/Typography/DesktopFonts/National-Light.otf using Guid(8a7bf46017fadbe4a911e9f513fa5369) Importer(815301076,1909f56bfc062723c751e8b465ee728b)  -> (artifact id: 'abfd191c5442b4d8b882c9edc014408b') in 0.021338 seconds 
  Import took 0.024336 seconds .

========================================================================
Received Import Request.
  Time since last request: 0.000280 seconds.
  path: Assets/Typography/DesktopFonts/National-SemiboldItalic.otf
  artifactKey: Guid(78b5439f6e1039745a57bc583c203c7d) Importer(815301076,1909f56bfc062723c751e8b465ee728b)
Start importing Assets/Typography/DesktopFonts/National-SemiboldItalic.otf using Guid(78b5439f6e1039745a57bc583c203c7d) Importer(815301076,1909f56bfc062723c751e8b465ee728b)  -> (artifact id: '2ac236aee9f881d1f4366820b236fdae') in 0.022210 seconds 
  Import took 0.025728 seconds .

========================================================================
Received Import Request.
  Time since last request: 0.000296 seconds.
  path: Assets/Typography/DesktopFonts/National-Book.otf
  artifactKey: Guid(c4fbfb2a827ce944fa1a9048322b3d82) Importer(815301076,1909f56bfc062723c751e8b465ee728b)
Start importing Assets/Typography/DesktopFonts/National-Book.otf using Guid(c4fbfb2a827ce944fa1a9048322b3d82) Importer(815301076,1909f56bfc062723c751e8b465ee728b)  -> (artifact id: '541bdc69dc2a8e2c2557b652e5ebb5d8') in 0.022754 seconds 
  Import took 0.026324 seconds .

========================================================================
Received Import Request.
  Time since last request: 0.000298 seconds.
  path: Assets/Typography/DesktopFonts/National-Medium.otf
  artifactKey: Guid(9e100310217ef094e98b8d36e87264eb) Importer(815301076,1909f56bfc062723c751e8b465ee728b)
Start importing Assets/Typography/DesktopFonts/National-Medium.otf using Guid(9e100310217ef094e98b8d36e87264eb) Importer(815301076,1909f56bfc062723c751e8b465ee728b)  -> (artifact id: 'd43160191931221030ffdaad1d5dfe99') in 0.018508 seconds 
  Import took 0.022031 seconds .

========================================================================
Received Import Request.
  Time since last request: 276.895001 seconds.
  path: Assets/Images/MQ_INT_VER_RGB_POS.png
  artifactKey: Guid(a24343ffd84069a45902c7d8ce7f3e7b) Importer(815301076,1909f56bfc062723c751e8b465ee728b)
Start importing Assets/Images/MQ_INT_VER_RGB_POS.png using Guid(a24343ffd84069a45902c7d8ce7f3e7b) Importer(815301076,1909f56bfc062723c751e8b465ee728b)  -> (artifact id: '40a16f754654490a20fb9a2ab0a8e8f1') in 0.073563 seconds 
  Import took 0.076980 seconds .

========================================================================
Received Import Request.
  Time since last request: 354.191767 seconds.
  path: Assets/Scenes/LoginPage.unity
  artifactKey: Guid(ac2cda01937caac47a8afde7f631cced) Importer(815301076,1909f56bfc062723c751e8b465ee728b)
Start importing Assets/Scenes/LoginPage.unity using Guid(ac2cda01937caac47a8afde7f631cced) Importer(815301076,1909f56bfc062723c751e8b465ee728b)  -> (artifact id: '77eb17b050def9067440287a0e0b8b3e') in 0.009908 seconds 
  Import took 0.013562 seconds .

========================================================================
Received Import Request.
  Time since last request: 11306.996480 seconds.
  path: Assets/Images/This Person Does Not Exist.jpg
  artifactKey: Guid(ad1d6db795deec34a894fbb1ee217780) Importer(815301076,1909f56bfc062723c751e8b465ee728b)
Start importing Assets/Images/This Person Does Not Exist.jpg using Guid(ad1d6db795deec34a894fbb1ee217780) Importer(815301076,1909f56bfc062723c751e8b465ee728b)  -> (artifact id: '3b3569bdec7a8b4c3ee388dd28ff661f') in 0.034931 seconds 
  Import took 0.038759 seconds .

========================================================================
Received Import Request.
  Time since last request: 125.061056 seconds.
  path: Assets/Images/This Person Does Not Exist.jpg
  artifactKey: Guid(ad1d6db795deec34a894fbb1ee217780) Importer(815301076,1909f56bfc062723c751e8b465ee728b)
Start importing Assets/Images/This Person Does Not Exist.jpg using Guid(ad1d6db795deec34a894fbb1ee217780) Importer(815301076,1909f56bfc062723c751e8b465ee728b)  -> (artifact id: 'fcd66838e8ab681b94d374f9ad3b3830') in 0.046224 seconds 
  Import took 0.050139 seconds .

========================================================================
Received Import Request.
  Time since last request: 1316.381972 seconds.
  path: Assets/Images/red_checklist_icon.png
  artifactKey: Guid(fec468397c1f2ee4db13646fbe2c2757) Importer(815301076,1909f56bfc062723c751e8b465ee728b)
Start importing Assets/Images/red_checklist_icon.png using Guid(fec468397c1f2ee4db13646fbe2c2757) Importer(815301076,1909f56bfc062723c751e8b465ee728b)  -> (artifact id: '17905d254ccc749284963247b81f36d3') in 0.027412 seconds 
  Import took 0.031374 seconds .

========================================================================
Received Import Request.
  Time since last request: 7.493551 seconds.
  path: Assets/Images/dark-red_calendar_icon.png
  artifactKey: Guid(11acf4f5b62a9cd45ad594d750a50b57) Importer(815301076,1909f56bfc062723c751e8b465ee728b)
Start importing Assets/Images/dark-red_calendar_icon.png using Guid(11acf4f5b62a9cd45ad594d750a50b57) Importer(815301076,1909f56bfc062723c751e8b465ee728b)  -> (artifact id: '552292ebbbb6a1ae11293645001dd5a1') in 0.022176 seconds 
  Import took 0.025988 seconds .

========================================================================
Received Import Request.
  Time since last request: 21.270018 seconds.
  path: Assets/Images/pink_people_icon.png
  artifactKey: Guid(77e7f31965611604a956ed76b0c1948a) Importer(815301076,1909f56bfc062723c751e8b465ee728b)
Start importing Assets/Images/pink_people_icon.png using Guid(77e7f31965611604a956ed76b0c1948a) Importer(815301076,1909f56bfc062723c751e8b465ee728b)  -> (artifact id: 'b4e5b02a1eb62f3cfec583743a9af584') in 0.021225 seconds 
  Import took 0.025212 seconds .

========================================================================
Received Import Request.
  Time since last request: 9.488453 seconds.
  path: Assets/Images/pink_location_icon.png
  artifactKey: Guid(8dd27813d334b68458d7f36a8d5ee140) Importer(815301076,1909f56bfc062723c751e8b465ee728b)
Start importing Assets/Images/pink_location_icon.png using Guid(8dd27813d334b68458d7f36a8d5ee140) Importer(815301076,1909f56bfc062723c751e8b465ee728b)  -> (artifact id: '2acc7e2ae2008f6035804b5621a82143') in 0.018912 seconds 
  Import took 0.022548 seconds .

========================================================================
Received Import Request.
  Time since last request: 19.873212 seconds.
  path: Assets/Images/maroon_book_icon.png
  artifactKey: Guid(21ee5f909a98834498f1f427f21973f0) Importer(815301076,1909f56bfc062723c751e8b465ee728b)
Start importing Assets/Images/maroon_book_icon.png using Guid(21ee5f909a98834498f1f427f21973f0) Importer(815301076,1909f56bfc062723c751e8b465ee728b)  -> (artifact id: 'bf225a86adadbe12a9cf17128ebe17ac') in 0.016721 seconds 
  Import took 0.019708 seconds .

========================================================================
Received Import Request.
  Time since last request: 17.214464 seconds.
  path: Assets/Images/dark-red_calendar_icon.png
  artifactKey: Guid(11acf4f5b62a9cd45ad594d750a50b57) Importer(815301076,1909f56bfc062723c751e8b465ee728b)
Start importing Assets/Images/dark-red_calendar_icon.png using Guid(11acf4f5b62a9cd45ad594d750a50b57) Importer(815301076,1909f56bfc062723c751e8b465ee728b)  -> (artifact id: 'a63726ce14a92441324e80ea06b19699') in 0.021223 seconds 
  Import took 0.024699 seconds .

========================================================================
Received Import Request.
  Time since last request: 4.997538 seconds.
  path: Assets/Images/maroon_book_icon.png
  artifactKey: Guid(21ee5f909a98834498f1f427f21973f0) Importer(815301076,1909f56bfc062723c751e8b465ee728b)
Start importing Assets/Images/maroon_book_icon.png using Guid(21ee5f909a98834498f1f427f21973f0) Importer(815301076,1909f56bfc062723c751e8b465ee728b)  -> (artifact id: 'dfbd06f8cbe9da9bc02b5ceb06b1c684') in 0.018333 seconds 
  Import took 0.021841 seconds .

========================================================================
Received Import Request.
  Time since last request: 5.785637 seconds.
  path: Assets/Images/pink_location_icon.png
  artifactKey: Guid(8dd27813d334b68458d7f36a8d5ee140) Importer(815301076,1909f56bfc062723c751e8b465ee728b)
Start importing Assets/Images/pink_location_icon.png using Guid(8dd27813d334b68458d7f36a8d5ee140) Importer(815301076,1909f56bfc062723c751e8b465ee728b)  -> (artifact id: '84ef33724c8a6cdc591ff93b6f727f89') in 0.019849 seconds 
  Import took 0.022994 seconds .

========================================================================
Received Import Request.
  Time since last request: 5.767850 seconds.
  path: Assets/Images/pink_people_icon.png
  artifactKey: Guid(77e7f31965611604a956ed76b0c1948a) Importer(815301076,1909f56bfc062723c751e8b465ee728b)
Start importing Assets/Images/pink_people_icon.png using Guid(77e7f31965611604a956ed76b0c1948a) Importer(815301076,1909f56bfc062723c751e8b465ee728b)  -> (artifact id: '64b40555d848db16d347fc7bae13e6aa') in 0.015855 seconds 
  Import took 0.019712 seconds .

========================================================================
Received Import Request.
  Time since last request: 8.861493 seconds.
  path: Assets/Images/red_checklist_icon.png
  artifactKey: Guid(fec468397c1f2ee4db13646fbe2c2757) Importer(815301076,1909f56bfc062723c751e8b465ee728b)
Start importing Assets/Images/red_checklist_icon.png using Guid(fec468397c1f2ee4db13646fbe2c2757) Importer(815301076,1909f56bfc062723c751e8b465ee728b)  -> (artifact id: '7cec977be0b801ed79a7af1d149d13b6') in 0.019814 seconds 
  Import took 0.023841 seconds .

========================================================================
Received Import Request.
  Time since last request: 323.728216 seconds.
  path: Assets/Images/Game Button.png
  artifactKey: Guid(bc9af5e9a2fd98e4794f950913e43e99) Importer(815301076,1909f56bfc062723c751e8b465ee728b)
Start importing Assets/Images/Game Button.png using Guid(bc9af5e9a2fd98e4794f950913e43e99) Importer(815301076,1909f56bfc062723c751e8b465ee728b)  -> (artifact id: 'ca91ff87b1da636493a5635f43c04e3d') in 0.018992 seconds 
  Import took 0.022948 seconds .

========================================================================
Received Import Request.
  Time since last request: 7.364580 seconds.
  path: Assets/Images/Game Button.png
  artifactKey: Guid(bc9af5e9a2fd98e4794f950913e43e99) Importer(815301076,1909f56bfc062723c751e8b465ee728b)
Start importing Assets/Images/Game Button.png using Guid(bc9af5e9a2fd98e4794f950913e43e99) Importer(815301076,1909f56bfc062723c751e8b465ee728b)  -> (artifact id: 'a18af27a1ea2b9e799af3bc07a20ae0f') in 0.026718 seconds 
  Import took 0.030146 seconds .

========================================================================
Received Import Request.
  Time since last request: 347.910805 seconds.
  path: Assets/Screen_Prefabs/Home_Screen.prefab
  artifactKey: Guid(b8f71d63ed94acd489d1dfe020680fe3) Importer(815301076,1909f56bfc062723c751e8b465ee728b)
Start importing Assets/Screen_Prefabs/Home_Screen.prefab using Guid(b8f71d63ed94acd489d1dfe020680fe3) Importer(815301076,1909f56bfc062723c751e8b465ee728b)  -> (artifact id: 'd1bf483db75eba6d3fa5e469c44832c5') in 0.071859 seconds 
  Import took 0.075839 seconds .

========================================================================
Received Import Request.
  Time since last request: 0.000309 seconds.
  path: Assets/Screen_Prefabs/Login_Screen.prefab
  artifactKey: Guid(cd8864cb75df0ff48b569005aedaf87d) Importer(815301076,1909f56bfc062723c751e8b465ee728b)
Start importing Assets/Screen_Prefabs/Login_Screen.prefab using Guid(cd8864cb75df0ff48b569005aedaf87d) Importer(815301076,1909f56bfc062723c751e8b465ee728b)  -> (artifact id: 'f56f48bf6f80afbe3487c2788ec64797') in 0.047799 seconds 
  Import took 0.052158 seconds .

========================================================================
Received Import Request.
  Time since last request: 21.823638 seconds.
  path: Assets/Screen_Prefabs/Home_Screen.prefab
  artifactKey: Guid(b8f71d63ed94acd489d1dfe020680fe3) Importer(815301076,1909f56bfc062723c751e8b465ee728b)
Start importing Assets/Screen_Prefabs/Home_Screen.prefab using Guid(b8f71d63ed94acd489d1dfe020680fe3) Importer(815301076,1909f56bfc062723c751e8b465ee728b)  -> (artifact id: 'e846306cdaaa970ff400fd8e7db4208f') in 0.020396 seconds 
  Import took 0.025362 seconds .

========================================================================
Received Import Request.
  Time since last request: 7.855759 seconds.
  path: Assets/Screen_Prefabs/Home_Screen.prefab
  artifactKey: Guid(b8f71d63ed94acd489d1dfe020680fe3) Importer(815301076,1909f56bfc062723c751e8b465ee728b)
Start importing Assets/Screen_Prefabs/Home_Screen.prefab using Guid(b8f71d63ed94acd489d1dfe020680fe3) Importer(815301076,1909f56bfc062723c751e8b465ee728b)  -> (artifact id: 'e248bf6f9d5950349d811a8470d4b471') in 0.022887 seconds 
  Import took 0.027188 seconds .

========================================================================
Received Import Request.
  Time since last request: 2.795091 seconds.
  path: Assets/Screen_Prefabs/Home_Screen.prefab
  artifactKey: Guid(b8f71d63ed94acd489d1dfe020680fe3) Importer(815301076,1909f56bfc062723c751e8b465ee728b)
Start importing Assets/Screen_Prefabs/Home_Screen.prefab using Guid(b8f71d63ed94acd489d1dfe020680fe3) Importer(815301076,1909f56bfc062723c751e8b465ee728b)  -> (artifact id: 'ccb8f5f92252c1f1e757754e7333bd19') in 0.025123 seconds 
  Import took 0.029437 seconds .

========================================================================
Received Import Request.
  Time since last request: 1.177789 seconds.
  path: Assets/Screen_Prefabs/Home_Screen.prefab
  artifactKey: Guid(b8f71d63ed94acd489d1dfe020680fe3) Importer(815301076,1909f56bfc062723c751e8b465ee728b)
Start importing Assets/Screen_Prefabs/Home_Screen.prefab using Guid(b8f71d63ed94acd489d1dfe020680fe3) Importer(815301076,1909f56bfc062723c751e8b465ee728b)  -> (artifact id: 'e9677d01fd37f5ff6a9c3a97cc9b0268') in 0.022505 seconds 
  Import took 0.027903 seconds .

========================================================================
Received Import Request.
  Time since last request: 3.196919 seconds.
  path: Assets/Screen_Prefabs/Home_Screen.prefab
  artifactKey: Guid(b8f71d63ed94acd489d1dfe020680fe3) Importer(815301076,1909f56bfc062723c751e8b465ee728b)
Start importing Assets/Screen_Prefabs/Home_Screen.prefab using Guid(b8f71d63ed94acd489d1dfe020680fe3) Importer(815301076,1909f56bfc062723c751e8b465ee728b)  -> (artifact id: '48243d117e1f8060d6ee1473ceafc91f') in 0.019482 seconds 
  Import took 0.023190 seconds .

========================================================================
Received Import Request.
  Time since last request: 1.395730 seconds.
  path: Assets/Screen_Prefabs/Home_Screen.prefab
  artifactKey: Guid(b8f71d63ed94acd489d1dfe020680fe3) Importer(815301076,1909f56bfc062723c751e8b465ee728b)
Start importing Assets/Screen_Prefabs/Home_Screen.prefab using Guid(b8f71d63ed94acd489d1dfe020680fe3) Importer(815301076,1909f56bfc062723c751e8b465ee728b)  -> (artifact id: '144190df7640b6d4ee1f4aa0e8161bcd') in 0.017674 seconds 
  Import took 0.020898 seconds .

========================================================================
Received Import Request.
  Time since last request: 6.467267 seconds.
  path: Assets/Screen_Prefabs/Home_Screen.prefab
  artifactKey: Guid(b8f71d63ed94acd489d1dfe020680fe3) Importer(815301076,1909f56bfc062723c751e8b465ee728b)
Start importing Assets/Screen_Prefabs/Home_Screen.prefab using Guid(b8f71d63ed94acd489d1dfe020680fe3) Importer(815301076,1909f56bfc062723c751e8b465ee728b)  -> (artifact id: 'fc3ee0c7bdd3f6c06b0b346800444e5f') in 0.020469 seconds 
  Import took 0.025153 seconds .

========================================================================
Received Import Request.
  Time since last request: 5.837127 seconds.
  path: Assets/Screen_Prefabs/Home_Screen.prefab
  artifactKey: Guid(b8f71d63ed94acd489d1dfe020680fe3) Importer(815301076,1909f56bfc062723c751e8b465ee728b)
Start importing Assets/Screen_Prefabs/Home_Screen.prefab using Guid(b8f71d63ed94acd489d1dfe020680fe3) Importer(815301076,1909f56bfc062723c751e8b465ee728b)  -> (artifact id: 'e3e14e75cf2e792cebe57bad6da664af') in 0.019496 seconds 
  Import took 0.024860 seconds .

========================================================================
Received Import Request.
  Time since last request: 7.245062 seconds.
  path: Assets/Screen_Prefabs/Home_Screen.prefab
  artifactKey: Guid(b8f71d63ed94acd489d1dfe020680fe3) Importer(815301076,1909f56bfc062723c751e8b465ee728b)
Start importing Assets/Screen_Prefabs/Home_Screen.prefab using Guid(b8f71d63ed94acd489d1dfe020680fe3) Importer(815301076,1909f56bfc062723c751e8b465ee728b)  -> (artifact id: '247d0c8f04d132db55e239cb5b562979') in 0.021994 seconds 
  Import took 0.027438 seconds .

========================================================================
Received Import Request.
  Time since last request: 14.932232 seconds.
  path: Assets/Screen_Prefabs/Home_Screen.prefab
  artifactKey: Guid(b8f71d63ed94acd489d1dfe020680fe3) Importer(815301076,1909f56bfc062723c751e8b465ee728b)
Start importing Assets/Screen_Prefabs/Home_Screen.prefab using Guid(b8f71d63ed94acd489d1dfe020680fe3) Importer(815301076,1909f56bfc062723c751e8b465ee728b)  -> (artifact id: '0d1496609300eb6085d47f0c47f86702') in 0.023118 seconds 
  Import took 0.027898 seconds .

========================================================================
Received Import Request.
  Time since last request: 6.212092 seconds.
  path: Assets/Screen_Prefabs/Home_Screen.prefab
  artifactKey: Guid(b8f71d63ed94acd489d1dfe020680fe3) Importer(815301076,1909f56bfc062723c751e8b465ee728b)
Start importing Assets/Screen_Prefabs/Home_Screen.prefab using Guid(b8f71d63ed94acd489d1dfe020680fe3) Importer(815301076,1909f56bfc062723c751e8b465ee728b)  -> (artifact id: '873eb7091326a6c8a0236229f3dfe89b') in 0.024962 seconds 
  Import took 0.029141 seconds .

========================================================================
Received Import Request.
  Time since last request: 24.253782 seconds.
  path: Assets/Screen_Prefabs/Home_Screen.prefab
  artifactKey: Guid(b8f71d63ed94acd489d1dfe020680fe3) Importer(815301076,1909f56bfc062723c751e8b465ee728b)
Start importing Assets/Screen_Prefabs/Home_Screen.prefab using Guid(b8f71d63ed94acd489d1dfe020680fe3) Importer(815301076,1909f56bfc062723c751e8b465ee728b)  -> (artifact id: '649db0e27d56976ddbc944db5014da31') in 0.020864 seconds 
  Import took 0.025475 seconds .

========================================================================
Received Import Request.
  Time since last request: 1.199976 seconds.
  path: Assets/Screen_Prefabs/Home_Screen.prefab
  artifactKey: Guid(b8f71d63ed94acd489d1dfe020680fe3) Importer(815301076,1909f56bfc062723c751e8b465ee728b)
Start importing Assets/Screen_Prefabs/Home_Screen.prefab using Guid(b8f71d63ed94acd489d1dfe020680fe3) Importer(815301076,1909f56bfc062723c751e8b465ee728b)  -> (artifact id: '3667fb34963cce1a3a39ec037ec893b4') in 0.021074 seconds 
  Import took 0.025023 seconds .

========================================================================
Received Import Request.
  Time since last request: 1.173405 seconds.
  path: Assets/Screen_Prefabs/Home_Screen.prefab
  artifactKey: Guid(b8f71d63ed94acd489d1dfe020680fe3) Importer(815301076,1909f56bfc062723c751e8b465ee728b)
Start importing Assets/Screen_Prefabs/Home_Screen.prefab using Guid(b8f71d63ed94acd489d1dfe020680fe3) Importer(815301076,1909f56bfc062723c751e8b465ee728b)  -> (artifact id: '5236e3cf6311b977fe61b6d1cc7756a3') in 0.021533 seconds 
  Import took 0.025025 seconds .

========================================================================
Received Import Request.
  Time since last request: 4.229054 seconds.
  path: Assets/Screen_Prefabs/Home_Screen.prefab
  artifactKey: Guid(b8f71d63ed94acd489d1dfe020680fe3) Importer(815301076,1909f56bfc062723c751e8b465ee728b)
Start importing Assets/Screen_Prefabs/Home_Screen.prefab using Guid(b8f71d63ed94acd489d1dfe020680fe3) Importer(815301076,1909f56bfc062723c751e8b465ee728b)  -> (artifact id: '99d82d9cb50e93f2e86fe1ad5c07765c') in 0.024214 seconds 
  Import took 0.028311 seconds .

========================================================================
Received Import Request.
  Time since last request: 6.432020 seconds.
  path: Assets/Screen_Prefabs/Home_Screen.prefab
  artifactKey: Guid(b8f71d63ed94acd489d1dfe020680fe3) Importer(815301076,1909f56bfc062723c751e8b465ee728b)
Start importing Assets/Screen_Prefabs/Home_Screen.prefab using Guid(b8f71d63ed94acd489d1dfe020680fe3) Importer(815301076,1909f56bfc062723c751e8b465ee728b)  -> (artifact id: '23a26d9b3a386a36e5fec7b15fd4dade') in 0.018859 seconds 
  Import took 0.023827 seconds .

========================================================================
Received Import Request.
  Time since last request: 4.418408 seconds.
  path: Assets/Screen_Prefabs/Home_Screen.prefab
  artifactKey: Guid(b8f71d63ed94acd489d1dfe020680fe3) Importer(815301076,1909f56bfc062723c751e8b465ee728b)
Start importing Assets/Screen_Prefabs/Home_Screen.prefab using Guid(b8f71d63ed94acd489d1dfe020680fe3) Importer(815301076,1909f56bfc062723c751e8b465ee728b)  -> (artifact id: '6059ea90983271325b135529233f81f7') in 0.019389 seconds 
  Import took 0.023290 seconds .

========================================================================
Received Import Request.
  Time since last request: 6.031862 seconds.
  path: Assets/Screen_Prefabs/Home_Screen.prefab
  artifactKey: Guid(b8f71d63ed94acd489d1dfe020680fe3) Importer(815301076,1909f56bfc062723c751e8b465ee728b)
Start importing Assets/Screen_Prefabs/Home_Screen.prefab using Guid(b8f71d63ed94acd489d1dfe020680fe3) Importer(815301076,1909f56bfc062723c751e8b465ee728b)  -> (artifact id: 'f11e0cc8ce3fdcbd06fd542934bdedd0') in 0.019903 seconds 
  Import took 0.023647 seconds .

========================================================================
Received Import Request.
  Time since last request: 2.192819 seconds.
  path: Assets/Screen_Prefabs/Home_Screen.prefab
  artifactKey: Guid(b8f71d63ed94acd489d1dfe020680fe3) Importer(815301076,1909f56bfc062723c751e8b465ee728b)
Start importing Assets/Screen_Prefabs/Home_Screen.prefab using Guid(b8f71d63ed94acd489d1dfe020680fe3) Importer(815301076,1909f56bfc062723c751e8b465ee728b)  -> (artifact id: '453e83d08e96e791ca6a90fd5256bad8') in 0.020170 seconds 
  Import took 0.024077 seconds .

========================================================================
Received Import Request.
  Time since last request: 3.421507 seconds.
  path: Assets/Screen_Prefabs/Home_Screen.prefab
  artifactKey: Guid(b8f71d63ed94acd489d1dfe020680fe3) Importer(815301076,1909f56bfc062723c751e8b465ee728b)
Start importing Assets/Screen_Prefabs/Home_Screen.prefab using Guid(b8f71d63ed94acd489d1dfe020680fe3) Importer(815301076,1909f56bfc062723c751e8b465ee728b)  -> (artifact id: '6ac9ad08fab89827eb1e8732a2c7ddf0') in 0.021833 seconds 
  Import took 0.025843 seconds .

========================================================================
Received Import Request.
  Time since last request: 13.106448 seconds.
  path: Assets/Screen_Prefabs/Home_Screen.prefab
  artifactKey: Guid(b8f71d63ed94acd489d1dfe020680fe3) Importer(815301076,1909f56bfc062723c751e8b465ee728b)
Start importing Assets/Screen_Prefabs/Home_Screen.prefab using Guid(b8f71d63ed94acd489d1dfe020680fe3) Importer(815301076,1909f56bfc062723c751e8b465ee728b)  -> (artifact id: '40866c67330cd0e0153175cd658d69e7') in 0.024303 seconds 
  Import took 0.029649 seconds .

========================================================================
Received Import Request.
  Time since last request: 2.368582 seconds.
  path: Assets/Screen_Prefabs/Home_Screen.prefab
  artifactKey: Guid(b8f71d63ed94acd489d1dfe020680fe3) Importer(815301076,1909f56bfc062723c751e8b465ee728b)
Start importing Assets/Screen_Prefabs/Home_Screen.prefab using Guid(b8f71d63ed94acd489d1dfe020680fe3) Importer(815301076,1909f56bfc062723c751e8b465ee728b)  -> (artifact id: '24b538f45ae71ea6b6d3ec2848ad7ee8') in 0.020082 seconds 
  Import took 0.024498 seconds .

========================================================================
Received Import Request.
  Time since last request: 24.604243 seconds.
  path: Assets/Screen_Prefabs/Home_Screen.prefab
  artifactKey: Guid(b8f71d63ed94acd489d1dfe020680fe3) Importer(815301076,1909f56bfc062723c751e8b465ee728b)
Start importing Assets/Screen_Prefabs/Home_Screen.prefab using Guid(b8f71d63ed94acd489d1dfe020680fe3) Importer(815301076,1909f56bfc062723c751e8b465ee728b)  -> (artifact id: '18c094f7a8604148ab804925265d4095') in 0.019341 seconds 
  Import took 0.023342 seconds .

========================================================================
Received Import Request.
  Time since last request: 7.694386 seconds.
  path: Assets/Screen_Prefabs/Home_Screen.prefab
  artifactKey: Guid(b8f71d63ed94acd489d1dfe020680fe3) Importer(815301076,1909f56bfc062723c751e8b465ee728b)
Start importing Assets/Screen_Prefabs/Home_Screen.prefab using Guid(b8f71d63ed94acd489d1dfe020680fe3) Importer(815301076,1909f56bfc062723c751e8b465ee728b)  -> (artifact id: '5e48c062e1e1682afd7a0db5611c3800') in 0.019176 seconds 
  Import took 0.023994 seconds .

========================================================================
Received Import Request.
  Time since last request: 6.423377 seconds.
  path: Assets/Screen_Prefabs/Home_Screen.prefab
  artifactKey: Guid(b8f71d63ed94acd489d1dfe020680fe3) Importer(815301076,1909f56bfc062723c751e8b465ee728b)
Start importing Assets/Screen_Prefabs/Home_Screen.prefab using Guid(b8f71d63ed94acd489d1dfe020680fe3) Importer(815301076,1909f56bfc062723c751e8b465ee728b)  -> (artifact id: '21d4de0eb82aea744261c31979476bdb') in 0.022160 seconds 
  Import took 0.026789 seconds .

========================================================================
Received Import Request.
  Time since last request: 8.453082 seconds.
  path: Assets/Screen_Prefabs/Home_Screen.prefab
  artifactKey: Guid(b8f71d63ed94acd489d1dfe020680fe3) Importer(815301076,1909f56bfc062723c751e8b465ee728b)
Start importing Assets/Screen_Prefabs/Home_Screen.prefab using Guid(b8f71d63ed94acd489d1dfe020680fe3) Importer(815301076,1909f56bfc062723c751e8b465ee728b)  -> (artifact id: '282f25b5f00d122b2cbdc9cab718850d') in 0.025175 seconds 
  Import took 0.030015 seconds .

========================================================================
Received Import Request.
  Time since last request: 13.938319 seconds.
  path: Assets/Screen_Prefabs/Home_Screen.prefab
  artifactKey: Guid(b8f71d63ed94acd489d1dfe020680fe3) Importer(815301076,1909f56bfc062723c751e8b465ee728b)
Start importing Assets/Screen_Prefabs/Home_Screen.prefab using Guid(b8f71d63ed94acd489d1dfe020680fe3) Importer(815301076,1909f56bfc062723c751e8b465ee728b)  -> (artifact id: '06d67362376bc7b1f23604cc0ec67352') in 0.024340 seconds 
  Import took 0.028208 seconds .

========================================================================
Received Import Request.
  Time since last request: 125.213689 seconds.
  path: Assets/Screen_Prefabs/Login_Screen 1.prefab
  artifactKey: Guid(a7e4e132a6ef0384ab3c70a0bc3432f9) Importer(815301076,1909f56bfc062723c751e8b465ee728b)
Start importing Assets/Screen_Prefabs/Login_Screen 1.prefab using Guid(a7e4e132a6ef0384ab3c70a0bc3432f9) Importer(815301076,1909f56bfc062723c751e8b465ee728b)  -> (artifact id: '1bfbe2316ccb70c32b9a39440ada6633') in 0.019169 seconds 
  Import took 0.023097 seconds .

========================================================================
Received Import Request.
  Time since last request: 70.962984 seconds.
  path: Assets/Screen_Prefabs/Home_Screen.prefab
  artifactKey: Guid(b8f71d63ed94acd489d1dfe020680fe3) Importer(815301076,1909f56bfc062723c751e8b465ee728b)
Start importing Assets/Screen_Prefabs/Home_Screen.prefab using Guid(b8f71d63ed94acd489d1dfe020680fe3) Importer(815301076,1909f56bfc062723c751e8b465ee728b)  -> (artifact id: 'ebc4768370e287371de4b8de3fd8f912') in 0.021850 seconds 
  Import took 0.026190 seconds .

========================================================================
Received Import Request.
  Time since last request: 3.610357 seconds.
  path: Assets/Screen_Prefabs/Home_Screen.prefab
  artifactKey: Guid(b8f71d63ed94acd489d1dfe020680fe3) Importer(815301076,1909f56bfc062723c751e8b465ee728b)
Start importing Assets/Screen_Prefabs/Home_Screen.prefab using Guid(b8f71d63ed94acd489d1dfe020680fe3) Importer(815301076,1909f56bfc062723c751e8b465ee728b)  -> (artifact id: '75caf4c99e65f4a0c1fb550d51540abb') in 0.021893 seconds 
  Import took 0.026731 seconds .

========================================================================
Received Import Request.
  Time since last request: 12.953581 seconds.
  path: Assets/Scenes/Homepage.unity
  artifactKey: Guid(ffc47a1016deb9b44800172c2714bdd0) Importer(815301076,1909f56bfc062723c751e8b465ee728b)
Start importing Assets/Scenes/Homepage.unity using Guid(ffc47a1016deb9b44800172c2714bdd0) Importer(815301076,1909f56bfc062723c751e8b465ee728b)  -> (artifact id: '2eb7977fde75ca90dd78bb2d4214c172') in 0.009064 seconds 
  Import took 0.012261 seconds .

========================================================================
Received Import Request.
  Time since last request: 14.282963 seconds.
  path: Assets/Screen_Prefabs/Home_Screen.prefab
  artifactKey: Guid(b8f71d63ed94acd489d1dfe020680fe3) Importer(815301076,1909f56bfc062723c751e8b465ee728b)
Start importing Assets/Screen_Prefabs/Home_Screen.prefab using Guid(b8f71d63ed94acd489d1dfe020680fe3) Importer(815301076,1909f56bfc062723c751e8b465ee728b)  -> (artifact id: 'b7dbaf495d4482d6a1508b9fbf343636') in 0.027223 seconds 
  Import took 0.031852 seconds .

========================================================================
Received Import Request.
  Time since last request: 1.165559 seconds.
  path: Assets/Screen_Prefabs/Home_Screen.prefab
  artifactKey: Guid(b8f71d63ed94acd489d1dfe020680fe3) Importer(815301076,1909f56bfc062723c751e8b465ee728b)
Start importing Assets/Screen_Prefabs/Home_Screen.prefab using Guid(b8f71d63ed94acd489d1dfe020680fe3) Importer(815301076,1909f56bfc062723c751e8b465ee728b)  -> (artifact id: 'e0811d3ac03af69b6edfb7c3b88c660f') in 0.023551 seconds 
  Import took 0.027560 seconds .

========================================================================
Received Import Request.
  Time since last request: 1.603332 seconds.
  path: Assets/Screen_Prefabs/Home_Screen.prefab
  artifactKey: Guid(b8f71d63ed94acd489d1dfe020680fe3) Importer(815301076,1909f56bfc062723c751e8b465ee728b)
Start importing Assets/Screen_Prefabs/Home_Screen.prefab using Guid(b8f71d63ed94acd489d1dfe020680fe3) Importer(815301076,1909f56bfc062723c751e8b465ee728b)  -> (artifact id: '04952b7276b68a4d70d70c64cf85530d') in 0.023408 seconds 
  Import took 0.028866 seconds .

========================================================================
Received Import Request.
  Time since last request: 6.247309 seconds.
  path: Assets/Screen_Prefabs/Home_Screen.prefab
  artifactKey: Guid(b8f71d63ed94acd489d1dfe020680fe3) Importer(815301076,1909f56bfc062723c751e8b465ee728b)
Start importing Assets/Screen_Prefabs/Home_Screen.prefab using Guid(b8f71d63ed94acd489d1dfe020680fe3) Importer(815301076,1909f56bfc062723c751e8b465ee728b)  -> (artifact id: '2b8e82e069c9b87a0a78ded27d895d88') in 0.023948 seconds 
  Import took 0.028649 seconds .

========================================================================
Received Import Request.
  Time since last request: 6.233522 seconds.
  path: Assets/Screen_Prefabs/Home_Screen.prefab
  artifactKey: Guid(b8f71d63ed94acd489d1dfe020680fe3) Importer(815301076,1909f56bfc062723c751e8b465ee728b)
Start importing Assets/Screen_Prefabs/Home_Screen.prefab using Guid(b8f71d63ed94acd489d1dfe020680fe3) Importer(815301076,1909f56bfc062723c751e8b465ee728b)  -> (artifact id: '71ccf1febf153070b06370eb7fc7beab') in 0.021930 seconds 
  Import took 0.025733 seconds .

========================================================================
Received Import Request.
  Time since last request: 14.642246 seconds.
  path: Assets/Screen_Prefabs/Home_Screen.prefab
  artifactKey: Guid(b8f71d63ed94acd489d1dfe020680fe3) Importer(815301076,1909f56bfc062723c751e8b465ee728b)
Start importing Assets/Screen_Prefabs/Home_Screen.prefab using Guid(b8f71d63ed94acd489d1dfe020680fe3) Importer(815301076,1909f56bfc062723c751e8b465ee728b)  -> (artifact id: '2595be40f768a5a4d655ad63750ba872') in 0.021381 seconds 
  Import took 0.025085 seconds .

========================================================================
Received Import Request.
  Time since last request: 13.621876 seconds.
  path: Assets/Screen_Prefabs/Home_Screen.prefab
  artifactKey: Guid(b8f71d63ed94acd489d1dfe020680fe3) Importer(815301076,1909f56bfc062723c751e8b465ee728b)
Start importing Assets/Screen_Prefabs/Home_Screen.prefab using Guid(b8f71d63ed94acd489d1dfe020680fe3) Importer(815301076,1909f56bfc062723c751e8b465ee728b)  -> (artifact id: 'ca21474175742b2b4b5bef11c930ecb7') in 0.025707 seconds 
  Import took 0.029849 seconds .

========================================================================
Received Import Request.
  Time since last request: 15.969086 seconds.
  path: Assets/Scenes/LoginPage.unity
  artifactKey: Guid(ac2cda01937caac47a8afde7f631cced) Importer(815301076,1909f56bfc062723c751e8b465ee728b)
Start importing Assets/Scenes/LoginPage.unity using Guid(ac2cda01937caac47a8afde7f631cced) Importer(815301076,1909f56bfc062723c751e8b465ee728b)  -> (artifact id: '10eaf091483b1f628e2078acd7a19ebc') in 0.010270 seconds 
  Import took 0.013148 seconds .

========================================================================
Received Prepare
Registering precompiled user dll's ...
Registered in 0.004503 seconds.
Begin MonoManager ReloadAssembly
Native extension for WindowsStandalone target not found
Refreshing native plugins compatible for Editor in 0.32 ms, found 2 plugins.
Preloading 0 native plugins for Editor in 0.00 ms.
Mono: successfully reloaded assembly
- Completed reload, in  1.387 seconds
Domain Reload Profiling:
	ReloadAssembly (1387ms)
		BeginReloadAssembly (146ms)
			ExecutionOrderSort (0ms)
			DisableScriptedObjects (5ms)
			BackupInstance (0ms)
			ReleaseScriptingObjects (0ms)
			CreateAndSetChildDomain (45ms)
		EndReloadAssembly (1156ms)
			LoadAssemblies (101ms)
			RebuildTransferFunctionScriptingTraits (0ms)
			SetupTypeCache (354ms)
			ReleaseScriptCaches (1ms)
			RebuildScriptCaches (49ms)
			SetupLoadedEditorAssemblies (509ms)
				LogAssemblyErrors (0ms)
				InitializePlatformSupportModulesInManaged (10ms)
				SetLoadedEditorAssemblies (1ms)
				RefreshPlugins (0ms)
				BeforeProcessingInitializeOnLoad (69ms)
				ProcessInitializeOnLoadAttributes (415ms)
				ProcessInitializeOnLoadMethodAttributes (5ms)
				AfterProcessingInitializeOnLoad (8ms)
				EditorAssembliesLoaded (0ms)
			ExecutionOrderSort2 (0ms)
			AwakeInstancesAfterBackupRestoration (8ms)
Platform modules already initialized, skipping
Refreshing native plugins compatible for Editor in 0.33 ms, found 2 plugins.
Preloading 0 native plugins for Editor in 0.00 ms.
Unloading 1393 Unused Serialized files (Serialized files now loaded: 0)
System memory in use before: 68.6 MB.
System memory in use after: 68.8 MB.

Unloading 14 unused Assets to reduce memory usage. Loaded Objects now: 1891.
Total: 3.434200 ms (FindLiveObjects: 0.156300 ms CreateObjectMapping: 0.044200 ms MarkObjects: 3.130900 ms  DeleteObjects: 0.102000 ms)

AssetImportParameters requested are different than current active one (requested -> active):
  custom:framework-win-MediaFoundation: 216162199b28c13a410421893ffa2e32 -> 
  custom:video-decoder-ogg-theora: a1e56fd34408186e4bbccfd4996cb3dc -> 
  custom:container-muxer-webm: aa71ff27fc2769a1b78a27578f13a17b -> 
  custom:container-demuxer-webm: 4f35f7cbe854078d1ac9338744f61a02 -> 
  custom:container-demuxer-ogg: 62fdf1f143b41e24485cea50d1cbac27 -> 
  custom:video-encoder-webm-vp8: eb34c28f22e8b96e1ab97ce403110664 -> 
  custom:video-decoder-webm-vp8: 9c59270c3fd7afecdb556c50c9e8de78 -> 
  custom:audio-decoder-ogg-vorbis: bf7c407c2cedff20999df2af8eb42d56 -> 
  custom:audio-encoder-webm-vorbis: bf7c407c2cedff20999df2af8eb42d56 -> 
========================================================================
Received Import Request.
  Time since last request: 343.487919 seconds.
  path: Assets/Screen_Prefabs/Home_Screen.prefab
  artifactKey: Guid(b8f71d63ed94acd489d1dfe020680fe3) Importer(815301076,1909f56bfc062723c751e8b465ee728b)
Start importing Assets/Screen_Prefabs/Home_Screen.prefab using Guid(b8f71d63ed94acd489d1dfe020680fe3) Importer(815301076,1909f56bfc062723c751e8b465ee728b)  -> (artifact id: '9b398349b0c3ec42eb42a6effb9c4d89') in 0.138870 seconds 
  Import took 0.142886 seconds .

========================================================================
Received Import Request.
  Time since last request: 61.730264 seconds.
  path: Assets/Scenes/Guide Test.unity
  artifactKey: Guid(fb28d5ed01ff12b4987b80684390b091) Importer(815301076,1909f56bfc062723c751e8b465ee728b)
Start importing Assets/Scenes/Guide Test.unity using Guid(fb28d5ed01ff12b4987b80684390b091) Importer(815301076,1909f56bfc062723c751e8b465ee728b)  -> (artifact id: 'cea71e38f2c55323cd940f65d20dc2e4') in 0.011241 seconds 
  Import took 0.014966 seconds .

========================================================================
Received Import Request.
  Time since last request: 125.230980 seconds.
  path: Assets/Guide
  artifactKey: Guid(b66d28a8ee647234a990c10744e6a0a6) Importer(815301076,1909f56bfc062723c751e8b465ee728b)
Start importing Assets/Guide using Guid(b66d28a8ee647234a990c10744e6a0a6) Importer(815301076,1909f56bfc062723c751e8b465ee728b)  -> (artifact id: 'e4e5f918274a8fd50f3b711d32b52bba') in 0.010471 seconds 
  Import took 0.014567 seconds .

========================================================================
Received Import Request.
  Time since last request: 133.907341 seconds.
  path: Assets/Guide/MQ Avatar.vrm
  artifactKey: Guid(0e91d431832be8c48b47dae856c7cb16) Importer(815301076,1909f56bfc062723c751e8b465ee728b)
Start importing Assets/Guide/MQ Avatar.vrm using Guid(0e91d431832be8c48b47dae856c7cb16) Importer(815301076,1909f56bfc062723c751e8b465ee728b)  -> (artifact id: 'cfa3a2077e5f940ced0ee6a7e96966a7') in 0.012877 seconds 
  Import took 0.015964 seconds .

